<?xml version="1.0" encoding="UTF-8"?>
<!-- Generated by org.testng.reporters.JUnitXMLReporter -->
<testsuite hostname="ztp" name="Default test" tests="5" failures="0" timestamp="1 Jul 2013 21:18:06 GMT" time="3.055" errors="0">
  <testcase name="hasStopped" time="3.024" classname="zmartonos.zlib.service.AbstractServiceTest"/>
  <testcase name="isSleeping" time="0.002" classname="zmartonos.zlib.service.AbstractServiceTest"/>
  <testcase name="isStarted" time="0.001" classname="zmartonos.zlib.service.AbstractServiceTest"/>
  <testcase name="run" time="0.001" classname="zmartonos.zlib.service.AbstractServiceTest"/>
  <testcase name="stop" time="0.001" classname="zmartonos.zlib.service.AbstractServiceTest"/>
</testsuite> <!-- Default test -->
