<?xml version="1.0" encoding="UTF-8"?>
<testng-results skipped="0" failed="0" total="5" passed="5">
  <reporter-output>
  </reporter-output>
  <suite name="Default suite" duration-ms="3055" started-at="2013-07-01T21:18:03Z" finished-at="2013-07-01T21:18:06Z">
    <groups>
    </groups>
    <test name="Default test" duration-ms="3055" started-at="2013-07-01T21:18:03Z" finished-at="2013-07-01T21:18:06Z">
      <class name="zmartonos.zlib.service.AbstractServiceTest">
        <test-method status="PASS" signature="hasStopped()[pri:0, instance:zmartonos.zlib.service.AbstractServiceTest@7a9f8247]" name="hasStopped" duration-ms="3024" started-at="2013-07-01T23:18:03Z" finished-at="2013-07-01T23:18:06Z">
          <reporter-output>
          </reporter-output>
        </test-method> <!-- hasStopped -->
        <test-method status="PASS" signature="isSleeping()[pri:0, instance:zmartonos.zlib.service.AbstractServiceTest@7a9f8247]" name="isSleeping" duration-ms="2" started-at="2013-07-01T23:18:06Z" finished-at="2013-07-01T23:18:06Z">
          <reporter-output>
          </reporter-output>
        </test-method> <!-- isSleeping -->
        <test-method status="PASS" signature="isStarted()[pri:0, instance:zmartonos.zlib.service.AbstractServiceTest@7a9f8247]" name="isStarted" duration-ms="1" started-at="2013-07-01T23:18:06Z" finished-at="2013-07-01T23:18:06Z">
          <reporter-output>
          </reporter-output>
        </test-method> <!-- isStarted -->
        <test-method status="PASS" signature="run()[pri:0, instance:zmartonos.zlib.service.AbstractServiceTest@7a9f8247]" name="run" duration-ms="1" started-at="2013-07-01T23:18:06Z" finished-at="2013-07-01T23:18:06Z">
          <reporter-output>
          </reporter-output>
        </test-method> <!-- run -->
        <test-method status="PASS" signature="stop()[pri:0, instance:zmartonos.zlib.service.AbstractServiceTest@7a9f8247]" name="stop" duration-ms="1" started-at="2013-07-01T23:18:06Z" finished-at="2013-07-01T23:18:06Z">
          <reporter-output>
          </reporter-output>
        </test-method> <!-- stop -->
      </class> <!-- zmartonos.zlib.service.AbstractServiceTest -->
    </test> <!-- Default test -->
  </suite> <!-- Default suite -->
</testng-results>
